<?xml version="1.0" encoding="UTF-8"?>
<!-- Generated by org.testng.reporters.JUnitReportReporter -->
<testsuite skipped="0" hostname="TVMATP262875L" name="com.flip.testcases.VerifyFlipLogin" tests="2" failures="0" timestamp="19 Mar 2020 09:59:43 GMT" time="81.412" errors="0">
  <testcase name="performLoginExcel" time="38.076" classname="com.flip.testcases.VerifyFlipLogin"/>
  <testcase name="performLoginExcel" time="43.336" classname="com.flip.testcases.VerifyFlipLogin"/>
</testsuite> <!-- com.flip.testcases.VerifyFlipLogin -->
